2025-04-25 19:26:24 - INFO - 应用程序启动
2025-04-25 19:26:24 - INFO - 成功导入excel_converter模块
2025-04-25 19:26:24 - INFO - 主函数开始执行
2025-04-25 19:26:24 - INFO - 已选择语言: zh
2025-04-25 19:26:24 - INFO - 输出文件名设置为: merged.xlsx
2025-04-25 19:26:29 - INFO - 应用程序启动
2025-04-25 19:26:29 - INFO - 成功导入excel_converter模块
2025-04-25 19:26:29 - INFO - 主函数开始执行
2025-04-25 19:26:29 - INFO - 已选择语言: zh
2025-04-25 19:26:29 - INFO - 已上传输入文件: input.xlsx
2025-04-25 19:26:29 - INFO - 输出文件名设置为: merged.xlsx
2025-04-25 19:27:15 - INFO - 应用程序启动
2025-04-25 19:27:15 - INFO - 成功导入excel_converter模块
2025-04-25 19:27:15 - INFO - 主函数开始执行
2025-04-25 19:27:15 - INFO - 已选择语言: zh
2025-04-25 19:27:15 - INFO - 已上传输入文件: input.xlsx
2025-04-25 19:27:15 - INFO - 已上传参考文件: reference1.xlsx
2025-04-25 19:27:15 - INFO - 输出文件名设置为: merged.xlsx
2025-04-25 19:27:15 - INFO - 开始预览数据
2025-04-25 19:27:15 - INFO - 输入文件预览成功: 2个工作表, 已读取第2个, 56行数据
2025-04-25 19:27:15 - INFO - 参考文件预览成功: 51行数据
2025-04-25 19:27:25 - INFO - 应用程序启动
2025-04-25 19:27:25 - INFO - 成功导入excel_converter模块
2025-04-25 19:27:25 - INFO - 主函数开始执行
2025-04-25 19:27:25 - INFO - 已选择语言: zh
2025-04-25 19:27:25 - INFO - 已上传输入文件: input.xlsx
2025-04-25 19:27:25 - INFO - 已上传参考文件: reference1.xlsx
2025-04-25 19:27:25 - INFO - 已上传政策文件: policy.xlsx
2025-04-25 19:27:25 - INFO - 输出文件名设置为: merged.xlsx
2025-04-25 19:27:25 - INFO - 开始预览数据
2025-04-25 19:27:25 - INFO - 输入文件预览成功: 2个工作表, 已读取第2个, 56行数据
2025-04-25 19:27:25 - INFO - 参考文件预览成功: 51行数据
2025-04-25 19:27:25 - INFO - 政策文件预览成功: 15行数据
2025-04-25 19:27:34 - INFO - 应用程序启动
2025-04-25 19:27:34 - INFO - 成功导入excel_converter模块
2025-04-25 19:27:34 - INFO - 主函数开始执行
2025-04-25 19:27:34 - INFO - 已选择语言: zh
2025-04-25 19:27:34 - INFO - 已上传输入文件: input.xlsx
2025-04-25 19:27:34 - INFO - 已上传参考文件: reference1.xlsx
2025-04-25 19:27:34 - INFO - 已上传政策文件: policy.xlsx
2025-04-25 19:27:34 - INFO - 输出文件名设置为: merged.xlsx
2025-04-25 19:27:34 - INFO - 开始预览数据
2025-04-25 19:27:34 - INFO - 输入文件预览成功: 2个工作表, 已读取第2个, 56行数据
2025-04-25 19:27:35 - INFO - 参考文件预览成功: 51行数据
2025-04-25 19:27:35 - INFO - 政策文件预览成功: 15行数据
2025-04-25 19:27:35 - INFO - 点击了转换按钮
2025-04-25 19:27:35 - INFO - 开始转换过程
2025-04-25 19:27:35 - INFO - 临时保存上传的文件
2025-04-25 19:27:35 - INFO - 已保存政策文件: temp_policy.xlsx
2025-04-25 19:27:35 - INFO - 开始调用convert_excel函数，参数：input=input.xlsx, reference=reference1.xlsx, output=merged.xlsx, policy=temp_policy.xlsx
2025-04-25 19:27:35 - ERROR - 转换过程中发生错误: convert_excel() takes 3 positional arguments but 4 were given
2025-04-25 19:27:35 - ERROR - Traceback (most recent call last):
  File "D:\project\declare_list\streamlit_app.py", line 343, in main
    result = convert_excel("temp_input.xlsx", "temp_reference.xlsx", output_filename, policy_path)
             ^^^^^^^^^^^^^^^^^^^^^^^^^^^^^^^^^^^^^^^^^^^^^^^^^^^^^^^^^^^^^^^^^^^^^^^^^^^^^^^^^^^^^
TypeError: convert_excel() takes 3 positional arguments but 4 were given

2025-04-25 19:33:11 - INFO - 应用程序启动
2025-04-25 19:33:11 - INFO - 成功导入excel_converter模块
2025-04-25 19:33:11 - INFO - 主函数开始执行
2025-04-25 19:33:11 - INFO - 已选择语言: zh
2025-04-25 19:33:11 - INFO - 输出文件名设置为: merged.xlsx
2025-04-25 19:33:15 - INFO - 应用程序启动
2025-04-25 19:33:15 - INFO - 成功导入excel_converter模块
2025-04-25 19:33:15 - INFO - 主函数开始执行
2025-04-25 19:33:15 - INFO - 已选择语言: zh
2025-04-25 19:33:15 - INFO - 已上传输入文件: input.xlsx
2025-04-25 19:33:15 - INFO - 输出文件名设置为: merged.xlsx
2025-04-25 19:33:20 - INFO - 应用程序启动
2025-04-25 19:33:20 - INFO - 成功导入excel_converter模块
2025-04-25 19:33:20 - INFO - 主函数开始执行
2025-04-25 19:33:20 - INFO - 已选择语言: zh
2025-04-25 19:33:20 - INFO - 已上传输入文件: input.xlsx
2025-04-25 19:33:20 - INFO - 已上传参考文件: reference1.xlsx
2025-04-25 19:33:20 - INFO - 输出文件名设置为: merged.xlsx
2025-04-25 19:33:20 - INFO - 开始预览数据
2025-04-25 19:33:20 - INFO - 输入文件预览成功: 2个工作表, 已读取第2个, 56行数据
2025-04-25 19:33:20 - INFO - 参考文件预览成功: 51行数据
2025-04-25 19:33:31 - INFO - 应用程序启动
2025-04-25 19:33:31 - INFO - 成功导入excel_converter模块
2025-04-25 19:33:31 - INFO - 主函数开始执行
2025-04-25 19:33:31 - INFO - 已选择语言: zh
2025-04-25 19:33:31 - INFO - 已上传输入文件: input.xlsx
2025-04-25 19:33:31 - INFO - 已上传参考文件: reference1.xlsx
2025-04-25 19:33:31 - INFO - 已上传政策文件: policy.xlsx
2025-04-25 19:33:31 - INFO - 输出文件名设置为: merged.xlsx
2025-04-25 19:33:31 - INFO - 开始预览数据
2025-04-25 19:33:31 - INFO - 输入文件预览成功: 2个工作表, 已读取第2个, 56行数据
2025-04-25 19:33:31 - INFO - 参考文件预览成功: 51行数据
2025-04-25 19:33:31 - INFO - 政策文件预览成功: 15行数据
2025-04-25 19:33:35 - INFO - 应用程序启动
2025-04-25 19:33:35 - INFO - 成功导入excel_converter模块
2025-04-25 19:33:35 - INFO - 主函数开始执行
2025-04-25 19:33:35 - INFO - 已选择语言: zh
2025-04-25 19:33:35 - INFO - 已上传输入文件: input.xlsx
2025-04-25 19:33:35 - INFO - 已上传参考文件: reference1.xlsx
2025-04-25 19:33:35 - INFO - 已上传政策文件: policy.xlsx
2025-04-25 19:33:35 - INFO - 输出文件名设置为: merged.xlsx
2025-04-25 19:33:35 - INFO - 开始预览数据
2025-04-25 19:33:35 - INFO - 输入文件预览成功: 2个工作表, 已读取第2个, 56行数据
2025-04-25 19:33:35 - INFO - 参考文件预览成功: 51行数据
2025-04-25 19:33:35 - INFO - 政策文件预览成功: 15行数据
2025-04-25 19:33:35 - INFO - 点击了转换按钮
2025-04-25 19:33:35 - INFO - 开始转换过程
2025-04-25 19:33:35 - INFO - 临时保存上传的文件
2025-04-25 19:33:35 - INFO - 已保存政策文件: temp_policy.xlsx
2025-04-25 19:33:35 - INFO - 开始调用convert_excel函数，参数：input=input.xlsx, reference=reference1.xlsx, output=merged.xlsx, policy=temp_policy.xlsx
2025-04-25 19:34:42 - INFO - 清理临时文件
2025-04-25 19:34:42 - WARNING - 无法删除文件 temp_input.xlsx: [WinError 32] 另一个程序正在使用此文件，进程无法访问。: 'temp_input.xlsx'
2025-04-25 19:34:43 - WARNING - 无法删除文件 temp_input.xlsx: [WinError 32] 另一个程序正在使用此文件，进程无法访问。: 'temp_input.xlsx'
2025-04-25 19:34:44 - WARNING - 无法删除文件 temp_input.xlsx: [WinError 32] 另一个程序正在使用此文件，进程无法访问。: 'temp_input.xlsx'
2025-04-25 19:34:44 - INFO - 已删除临时文件: temp_reference.xlsx
2025-04-25 19:34:44 - INFO - 已删除临时文件: temp_policy.xlsx
2025-04-25 19:34:53 - INFO - 应用程序启动
2025-04-25 19:34:53 - INFO - 应用程序启动
2025-04-25 19:34:53 - INFO - 成功导入excel_converter模块
2025-04-25 19:34:53 - INFO - 成功导入excel_converter模块
2025-04-25 19:34:53 - INFO - 主函数开始执行
2025-04-25 19:34:53 - INFO - 主函数开始执行
2025-04-25 19:34:53 - INFO - 已选择语言: zh
2025-04-25 19:34:53 - INFO - 输出文件名设置为: merged.xlsx
2025-04-25 19:34:53 - INFO - 已选择语言: zh
2025-04-25 19:34:53 - INFO - 输出文件名设置为: merged.xlsx
2025-04-25 19:34:58 - INFO - 应用程序启动
2025-04-25 19:34:58 - INFO - 成功导入excel_converter模块
2025-04-25 19:34:58 - INFO - 主函数开始执行
2025-04-25 19:34:58 - INFO - 已选择语言: zh
2025-04-25 19:34:58 - INFO - 已上传输入文件: input.xlsx
2025-04-25 19:34:58 - INFO - 输出文件名设置为: merged.xlsx
2025-04-25 19:35:02 - INFO - 应用程序启动
2025-04-25 19:35:02 - INFO - 成功导入excel_converter模块
2025-04-25 19:35:02 - INFO - 主函数开始执行
2025-04-25 19:35:02 - INFO - 已选择语言: zh
2025-04-25 19:35:02 - INFO - 已上传输入文件: input.xlsx
2025-04-25 19:35:02 - INFO - 已上传参考文件: reference1.xlsx
2025-04-25 19:35:02 - INFO - 输出文件名设置为: merged.xlsx
2025-04-25 19:35:02 - INFO - 开始预览数据
2025-04-25 19:35:02 - INFO - 输入文件预览成功: 2个工作表, 已读取第2个, 56行数据
2025-04-25 19:35:02 - INFO - 参考文件预览成功: 51行数据
2025-04-25 19:41:02 - INFO - 应用程序启动
2025-04-25 19:41:02 - INFO - 成功导入excel_converter模块
2025-04-25 19:41:02 - INFO - 主函数开始执行
2025-04-25 19:41:03 - INFO - 已选择语言: zh
2025-04-25 19:41:03 - INFO - 输出文件名设置为: merged.xlsx
2025-04-25 19:41:15 - INFO - 应用程序启动
2025-04-25 19:41:15 - INFO - 成功导入excel_converter模块
2025-04-25 19:41:15 - INFO - 主函数开始执行
2025-04-25 19:41:15 - INFO - 已选择语言: zh
2025-04-25 19:41:15 - INFO - 用户下载了输入文件模板
2025-04-25 19:41:15 - INFO - 输出文件名设置为: merged.xlsx
2025-04-25 19:41:18 - INFO - 应用程序启动
2025-04-25 19:41:18 - INFO - 成功导入excel_converter模块
2025-04-25 19:41:18 - INFO - 主函数开始执行
2025-04-25 19:41:18 - INFO - 已选择语言: zh
2025-04-25 19:41:18 - INFO - 用户下载了参考文件模板
2025-04-25 19:41:18 - INFO - 输出文件名设置为: merged.xlsx
2025-04-25 19:41:20 - INFO - 应用程序启动
2025-04-25 19:41:20 - INFO - 成功导入excel_converter模块
2025-04-25 19:41:20 - INFO - 主函数开始执行
2025-04-25 19:41:20 - INFO - 已选择语言: zh
2025-04-25 19:41:20 - INFO - 用户下载了参考文件模板
2025-04-25 19:41:20 - INFO - 输出文件名设置为: merged.xlsx
2025-04-25 19:41:22 - INFO - 应用程序启动
2025-04-25 19:41:22 - INFO - 成功导入excel_converter模块
2025-04-25 19:41:22 - INFO - 主函数开始执行
2025-04-25 19:41:22 - INFO - 已选择语言: zh
2025-04-25 19:41:22 - INFO - 用户下载了政策文件模板
2025-04-25 19:41:22 - INFO - 输出文件名设置为: merged.xlsx
2025-04-25 19:46:18 - INFO - 应用程序启动
2025-04-25 19:46:18 - INFO - 成功导入excel_converter模块
2025-04-25 19:46:18 - INFO - 主函数开始执行
2025-04-25 19:46:18 - INFO - 已选择语言: zh
2025-04-25 19:46:18 - INFO - 输出文件名设置为: merged.xlsx
2025-04-25 19:46:21 - INFO - 应用程序启动
2025-04-25 19:46:21 - INFO - 成功导入excel_converter模块
2025-04-25 19:46:21 - INFO - 主函数开始执行
2025-04-25 19:46:21 - INFO - 已选择语言: zh
2025-04-25 19:46:21 - INFO - 用户下载了政策文件模板
2025-04-25 19:46:21 - INFO - 输出文件名设置为: merged.xlsx
2025-04-25 19:46:24 - INFO - 应用程序启动
2025-04-25 19:46:24 - INFO - 成功导入excel_converter模块
2025-04-25 19:46:24 - INFO - 主函数开始执行
2025-04-25 19:46:24 - INFO - 已选择语言: zh
2025-04-25 19:46:24 - INFO - 用户下载了政策文件模板
2025-04-25 19:46:24 - INFO - 输出文件名设置为: merged.xlsx
